<?xml version="1.0" encoding="UTF-8"?>
<testng-results ignored="0" total="1" passed="1" failed="0" skipped="0">
  <reporter-output>
  </reporter-output>
  <suite started-at="2023-08-15T20:27:31 IST" name="Default suite" finished-at="2023-08-15T20:27:32 IST" duration-ms="945">
    <groups>
      <group name="cucumber">
        <method signature="AbstractTestNGCucumberTests.runScenario(io.cucumber.testng.PickleWrapper,io.cucumber.testng.FeatureWrapper)[pri:0, instance:TestRunners.Run@1f2586d6]" name="runScenario" class="io.cucumber.testng.AbstractTestNGCucumberTests"/>
      </group> <!-- cucumber -->
    </groups>
    <test started-at="2023-08-15T20:27:31 IST" name="Default test" finished-at="2023-08-15T20:27:32 IST" duration-ms="945">
      <class name="TestRunners.Run">
        <test-method is-config="true" signature="setUpClass(org.testng.ITestContext)[pri:0, instance:TestRunners.Run@1f2586d6]" started-at="2023-08-15T20:27:31 IST" name="setUpClass" finished-at="2023-08-15T20:27:31 IST" duration-ms="575" status="PASS">
          <params>
            <param index="0">
              <value>
                <![CDATA[org.testng.TestRunner@616fe72b]]>
              </value>
            </param>
          </params>
          <reporter-output>
          </reporter-output>
        </test-method> <!-- setUpClass -->
        <test-method signature="runScenario(io.cucumber.testng.PickleWrapper,io.cucumber.testng.FeatureWrapper)[pri:0, instance:TestRunners.Run@1f2586d6]" started-at="2023-08-15T20:27:31 IST" name="runScenario" description="Runs Cucumber Scenarios" data-provider="scenarios" finished-at="2023-08-15T20:27:32 IST" duration-ms="262" status="PASS">
          <params>
            <param index="0">
              <value>
                <![CDATA["Search a product"]]>
              </value>
            </param>
            <param index="1">
              <value>
                <![CDATA["Amazon Search"]]>
              </value>
            </param>
          </params>
          <reporter-output>
          </reporter-output>
        </test-method> <!-- runScenario -->
        <test-method is-config="true" signature="tearDownClass()[pri:0, instance:TestRunners.Run@1f2586d6]" started-at="2023-08-15T20:27:32 IST" name="tearDownClass" finished-at="2023-08-15T20:27:32 IST" duration-ms="16" status="PASS">
          <reporter-output>
          </reporter-output>
        </test-method> <!-- tearDownClass -->
      </class> <!-- TestRunners.Run -->
    </test> <!-- Default test -->
  </suite> <!-- Default suite -->
</testng-results>
